[INIT] WinMain started
[DEBUG] AllocConsole attempted - check for console window
[INIT] Common controls initialized
[MSG] WM_CREATE
[EVENT] WindowCreate
[FUNC] CreateMenus called
[MSG] WM_SIZE
[SIZE] Window resized to 1364x729
[FUNC] CreateMenus complete
[MSG] WM_SIZE
[SIZE] Window resized to 1364x729
[TREEVIEW] Unknown NM code: 0xFFFFFFF4
[LOOP] Entering message loop
[LOOP] WM_COMMAND dispatching - ID: 0x44E
[MSG] WM_COMMAND received (wParam=0x44E, lParam=0x0)
[MENU] FileOpenProjectMenuItemClick
[DIALOG] OpenFilesWithDialog called
[INIT] WinMain started
[DEBUG] AllocConsole attempted - check for console window
[INIT] Common controls initialized
[MSG] WM_CREATE
[EVENT] WindowCreate
[FUNC] CreateMenus called
[MSG] WM_SIZE
[SIZE] Window resized to 1364x729
[FUNC] CreateMenus complete
[MSG] WM_SIZE
[SIZE] Window resized to 1364x729
[TREEVIEW] Unknown NM code: 0xFFFFFFF4
[LOOP] Entering message loop
[TREEVIEW] Unknown NM code: 0xFFFFFFEF
[TREEVIEW] Unknown NM code: 0xFFFFFFEF
[TREEVIEW] Unknown NM code: 0xFFFFFFEF
[TREEVIEW] Unknown NM code: 0xFFFFFFEF
[TREEVIEW] Unknown NM code: 0xFFFFFFEF
[TREEVIEW] Unknown NM code: 0xFFFFFFEF
[TREEVIEW] Unknown NM code: 0xFFFFFFEF
[TREEVIEW] Unknown NM code: 0xFFFFFFEF
[TREEVIEW] Unknown NM code: 0xFFFFFFEF
[TREEVIEW] Unknown NM code: 0xFFFFFFEF
[TREEVIEW] Unknown NM code: 0xFFFFFFEF
[TREEVIEW] Unknown NM code: 0xFFFFFFEF
[TREEVIEW] Unknown NM code: 0xFFFFFFEF
[TREEVIEW] Unknown NM code: 0xFFFFFFEF
[TREEVIEW] Unknown NM code: 0xFFFFFFEF
[LOOP] WM_COMMAND dispatching - ID: 0x44E
[MSG] WM_COMMAND received (wParam=0x44E, lParam=0x0)
[MENU] FileOpenProjectMenuItemClick
[DIALOG] OpenFilesWithDialog called
[INIT] WinMain started
[DEBUG] AllocConsole attempted - check for console window
[INIT] Common controls initialized
[MSG] WM_CREATE
[EVENT] WindowCreate
[FUNC] CreateMenus called
[MSG] WM_SIZE
[SIZE] Window resized to 1364x729
[FUNC] CreateMenus complete
[MSG] WM_SIZE
[SIZE] Window resized to 1364x729
[TREEVIEW] Unknown NM code: 0xFFFFFFF4
[LOOP] Entering message loop
[TREEVIEW] Unknown NM code: 0xFFFFFFEF
[TREEVIEW] Unknown NM code: 0xFFFFFFEF
[TREEVIEW] Unknown NM code: 0xFFFFFFEF
[TREEVIEW] Unknown NM code: 0xFFFFFFEF
[TREEVIEW] Unknown NM code: 0xFFFFFFEF
[TREEVIEW] Unknown NM code: 0xFFFFFFEF
[TREEVIEW] Unknown NM code: 0xFFFFFFEF
[LOOP] WM_COMMAND dispatching - ID: 0x44E
[MSG] WM_COMMAND received (wParam=0x44E, lParam=0x0)
[MENU] FileOpenProjectMenuItemClick
[DIALOG] OpenFilesWithDialog called
[INIT] WinMain started
[DEBUG] AllocConsole attempted - check for console window
[INIT] Common controls initialized
[MSG] WM_CREATE
[EVENT] WindowCreate
[FUNC] CreateMenus called
[MSG] WM_SIZE
[SIZE] Window resized to 1364x729
[FUNC] CreateMenus complete
[MSG] WM_SIZE
[SIZE] Window resized to 1364x729
[TREEVIEW] Unknown NM code: 0xFFFFFFF4
[LOOP] Entering message loop
[LOOP] WM_KEYDOWN dispatching - Key: 0x11
[KEYBOARD] Key pressed: 0x11 (repeat=1)
[LOOP] WM_KEYDOWN dispatching - Key: 0x4F
[MSG] WM_COMMAND received (wParam=0x1044E, lParam=0x0)
[MENU] FileOpenProjectMenuItemClick
[DIALOG] OpenFilesWithDialog called
[INIT] WinMain started
[DEBUG] AllocConsole attempted - check for console window
[INIT] Common controls initialized
[MSG] WM_CREATE
[EVENT] WindowCreate
[FUNC] CreateMenus called
[MSG] WM_SIZE
[SIZE] Window resized to 1364x729
[FUNC] CreateMenus complete
[MSG] WM_SIZE
[SIZE] Window resized to 1364x729
[TREEVIEW] Unknown NM code: 0xFFFFFFF4
[LOOP] Entering message loop
[TREEVIEW] Unknown NM code: 0xFFFFFFEF
[TREEVIEW] Unknown NM code: 0xFFFFFFEF
[TREEVIEW] Unknown NM code: 0xFFFFFFEF
[TREEVIEW] Unknown NM code: 0xFFFFFFEF
[TREEVIEW] Unknown NM code: 0xFFFFFFEF
[TREEVIEW] Unknown NM code: 0xFFFFFFEF
[LOOP] WM_COMMAND dispatching - ID: 0x44E
[MSG] WM_COMMAND received (wParam=0x44E, lParam=0x0)
[MENU] FileOpenProjectMenuItemClick
[DIALOG] OpenFilesWithDialog called
[INIT] WinMain started
[DEBUG] AllocConsole attempted - check for console window
[INIT] Common controls initialized
[MSG] WM_CREATE
[EVENT] WindowCreate
[FUNC] CreateMenus called
[MSG] WM_SIZE
[SIZE] Window resized to 1364x729
[FUNC] CreateMenus complete
[MSG] WM_SIZE
[SIZE] Window resized to 1364x729
[TREEVIEW] Unknown NM code: 0xFFFFFFF4
[LOOP] Entering message loop
[LOOP] WM_KEYDOWN dispatching - Key: 0x11
[KEYBOARD] Key pressed: 0x11 (repeat=1)
[LOOP] WM_KEYDOWN dispatching - Key: 0x4F
[MSG] WM_COMMAND received (wParam=0x1044E, lParam=0x0)
[MENU] FileOpenProjectMenuItemClick
[DIALOG] OpenFilesWithDialog called
